<?xml version="1.0" encoding="UTF-8"?>
<!-- Generated by org.testng.reporters.JUnitReportReporter -->
<testsuite hostname="DESKTOP-4QRLMTN" failures="0" tests="2" name="com.cucumber.testRunner.TestRunner" time="16.555" errors="0" timestamp="2023-12-31T09:29:24 IST" skipped="0">
  <testcase classname="com.cucumber.testRunner.TestRunner" name="runScenario" time="8.234"/>
  <testcase classname="com.cucumber.testRunner.TestRunner" name="runScenario" time="8.321"/>
</testsuite> <!-- com.cucumber.testRunner.TestRunner -->
