<?xml version="1.0" encoding="UTF-8"?>
<!-- Generated by org.testng.reporters.JUnitReportReporter -->
<testsuite hostname="SESHU" failures="0" tests="1" name="com.cucumber.testRunner.TestRunner" time="4.852" errors="0" timestamp="2024-05-31T12:37:15 IST" skipped="0">
  <testcase classname="com.cucumber.testRunner.TestRunner" name="runScenario" time="4.852"/>
</testsuite> <!-- com.cucumber.testRunner.TestRunner -->
