<?xml version="1.0" encoding="UTF-8"?>
<!-- Generated by org.testng.reporters.JUnitReportReporter -->
<testsuite hostname="SESHU" failures="0" tests="3" name="com.cucumber.testRunner.TestRunner" time="31.763" errors="0" timestamp="2024-05-30T11:19:48 IST" skipped="0">
  <testcase classname="com.cucumber.testRunner.TestRunner" name="runScenario" time="10.685"/>
  <testcase classname="com.cucumber.testRunner.TestRunner" name="runScenario" time="10.425"/>
  <testcase classname="com.cucumber.testRunner.TestRunner" name="runScenario" time="10.653"/>
</testsuite> <!-- com.cucumber.testRunner.TestRunner -->
