<?xml version="1.0" encoding="UTF-8"?>
<!-- Generated by org.testng.reporters.JUnitReportReporter -->
<testsuite hostname="DESKTOP-4QRLMTN" failures="0" tests="1" name="com.cucumber.testRunner.TestRunner" time="187.114" errors="0" timestamp="2024-02-01T15:06:14 IST" skipped="0">
  <testcase classname="com.cucumber.testRunner.TestRunner" name="runScenario" time="187.114"/>
</testsuite> <!-- com.cucumber.testRunner.TestRunner -->
