<?xml version="1.0" encoding="UTF-8"?>
<!-- Generated by org.testng.reporters.JUnitReportReporter -->
<testsuite hostname="DESKTOP-4QRLMTN" failures="0" tests="3" name="com.cucumber.testRunner.TestRunner" time="36.138" errors="0" timestamp="2023-08-31T17:36:26 IST" skipped="0">
  <testcase classname="com.cucumber.testRunner.TestRunner" name="runScenario" time="12.269"/>
  <testcase classname="com.cucumber.testRunner.TestRunner" name="runScenario" time="12.713"/>
  <testcase classname="com.cucumber.testRunner.TestRunner" name="runScenario" time="11.156"/>
</testsuite> <!-- com.cucumber.testRunner.TestRunner -->
