<?xml version="1.0" encoding="UTF-8"?>
<!-- Generated by org.testng.reporters.JUnitReportReporter -->
<testsuite hostname="DESKTOP-4QRLMTN" failures="0" tests="3" name="com.cucumber.testRunner.TestRunner" time="55.171" errors="0" timestamp="2024-01-26T15:30:47 IST" skipped="0">
  <testcase classname="com.cucumber.testRunner.TestRunner" name="runScenario" time="18.363"/>
  <testcase classname="com.cucumber.testRunner.TestRunner" name="runScenario" time="18.373"/>
  <testcase classname="com.cucumber.testRunner.TestRunner" name="runScenario" time="18.435"/>
</testsuite> <!-- com.cucumber.testRunner.TestRunner -->
