<?xml version="1.0" encoding="UTF-8"?>
<!-- Generated by org.testng.reporters.JUnitReportReporter -->
<testsuite hostname="DESKTOP-4QRLMTN" failures="0" tests="1" name="com.cucumber.testRunner.TestRunner" time="23.486" errors="0" timestamp="2024-01-28T16:32:15 IST" skipped="0">
  <testcase classname="com.cucumber.testRunner.TestRunner" name="runScenario" time="23.486"/>
</testsuite> <!-- com.cucumber.testRunner.TestRunner -->
