<?xml version="1.0" encoding="UTF-8"?>
<!-- Generated by org.testng.reporters.JUnitReportReporter -->
<testsuite hostname="DESKTOP-4QRLMTN" failures="0" tests="3" name="com.cucumber.testRunner.TestRunner" time="55.380" errors="0" timestamp="2024-01-26T16:08:11 IST" skipped="0">
  <testcase classname="com.cucumber.testRunner.TestRunner" name="runScenario" time="18.558"/>
  <testcase classname="com.cucumber.testRunner.TestRunner" name="runScenario" time="18.391"/>
  <testcase classname="com.cucumber.testRunner.TestRunner" name="runScenario" time="18.431"/>
</testsuite> <!-- com.cucumber.testRunner.TestRunner -->
