<?xml version="1.0" encoding="UTF-8"?>
<!-- Generated by org.testng.reporters.JUnitReportReporter -->
<testsuite hostname="DESKTOP-4QRLMTN" failures="0" tests="2" name="com.cucumber.testRunner.TestRunner" time="36.816" errors="0" timestamp="2023-09-13T11:08:25 IST" skipped="0">
  <testcase classname="com.cucumber.testRunner.TestRunner" name="runScenario" time="18.954"/>
  <testcase classname="com.cucumber.testRunner.TestRunner" name="runScenario" time="17.862"/>
</testsuite> <!-- com.cucumber.testRunner.TestRunner -->
