<?xml version="1.0" encoding="UTF-8"?>
<!-- Generated by org.testng.reporters.JUnitReportReporter -->
<testsuite hostname="DESKTOP-4QRLMTN" failures="0" tests="2" name="com.cucumber.testRunner.TestRunner" time="29.370" errors="0" timestamp="2023-09-13T10:25:20 IST" skipped="0">
  <testcase classname="com.cucumber.testRunner.TestRunner" name="runScenario" time="14.685"/>
  <testcase classname="com.cucumber.testRunner.TestRunner" name="runScenario" time="14.685"/>
</testsuite> <!-- com.cucumber.testRunner.TestRunner -->
