<?xml version="1.0" encoding="UTF-8"?>
<!-- Generated by org.testng.reporters.JUnitReportReporter -->
<testsuite hostname="DESKTOP-M5HP58L" failures="0" tests="3" name="com.cucumber.testRunner.TestRunner" time="35.784" errors="0" timestamp="2024-02-04T17:27:32 IST" skipped="0">
  <testcase classname="com.cucumber.testRunner.TestRunner" name="runScenario" time="11.888"/>
  <testcase classname="com.cucumber.testRunner.TestRunner" name="runScenario" time="11.932"/>
  <testcase classname="com.cucumber.testRunner.TestRunner" name="runScenario" time="11.964"/>
</testsuite> <!-- com.cucumber.testRunner.TestRunner -->
